2024-09-23 14:33:00,363 [INFO] Activator:177 - 


2024-09-23 14:33:00,364 [INFO] Activator:178 - !SESSION log4j initialized
2024-09-23 14:33:05,397 [INFO] McuFinderGlobals:39 - Set McuFinder mode to 2 (CubeIDE integrated)
2024-09-23 14:33:05,468 [INFO] ApplicationProperties:181 - Using Application install path: D:\STM32CUBE\STM32cubeIDE\STM32CubeIDE\plugins\com.st.stm32cube.common.mx_6.3.0.202107141111
2024-09-23 14:33:05,475 [INFO] DbMcusXml:74 - Set database path to: D:\STM32CUBE\STM32cubeIDE\STM32CubeIDE\plugins\com.st.stm32cube.common.mx_6.3.0.202107141111\\db\/mcu/
2024-09-23 14:33:05,477 [INFO] DbBoardsPdsc:56 - Set plugin database path to: D:\STM32CUBE\STM32cubeIDE\STM32CubeIDE\plugins\com.st.stm32cube.common.mx_6.3.0.202107141111\\db\/plugins/boardmanager/
2024-09-23 14:33:05,480 [INFO] DbMcus:258 - Set plugin images path to: D:\STM32CUBE\STM32cubeIDE\STM32CubeIDE\plugins\com.st.stm32cube.common.mx_6.3.0.202107141111\\db\/plugins/mcufinder/images/
2024-09-23 14:33:05,480 [INFO] DbBoards:264 - Set plugin images path to: D:\STM32CUBE\STM32cubeIDE\STM32CubeIDE\plugins\com.st.stm32cube.common.mx_6.3.0.202107141111\\db\/plugins/mcufinder/images/
2024-09-23 14:33:05,481 [INFO] DbExamples:333 - Set plugin images path to: D:\STM32CUBE\STM32cubeIDE\STM32CubeIDE\plugins\com.st.stm32cube.common.mx_6.3.0.202107141111\\db\/plugins/mcufinder/images/
2024-09-23 14:33:05,484 [INFO] DbMcusAds:119 - Set database path to: C:\Users\nguye\.stmcufinder\plugins\mcufinder//mcu/
2024-09-23 14:33:05,484 [INFO] DbMcusDocs:110 - Set database path to: C:\Users\nguye\.stmcufinder\plugins\mcufinder//mcu/
2024-09-23 14:33:05,485 [INFO] DbMcusJson:64 - Set database path to: C:\Users\nguye\.stmcufinder\plugins\mcufinder//mcu/
2024-09-23 14:33:05,486 [INFO] DbBoardsDocs:110 - Set database path to: C:\Users\nguye\.stmcufinder\plugins\mcufinder//mcu/
2024-09-23 14:33:05,486 [INFO] DbBoardsJson:57 - Set database path to: C:\Users\nguye\.stmcufinder\plugins\mcufinder//mcu/
2024-09-23 14:33:05,488 [INFO] CrossReferenceDbSqlite:196 - Set database path to: C:\Users\nguye\.stmcufinder\plugins\mcufinder//mcu/cs/
2024-09-23 14:33:05,490 [INFO] DbExamplesSqlite:767 - Set database path to: C:\Users\nguye\.stmcufinder\plugins\mcufinder//mcu/
2024-09-23 14:33:05,542 [INFO] RulesReader:57 - Compatibility file has been processed (242 Rules)
2024-09-23 14:33:05,587 [INFO] DbMcusXml:74 - Set database path to: D:\STM32CUBE\STM32cubeIDE\STM32CubeIDE\plugins\com.st.stm32cube.common.mx_6.3.0.202107141111\\db\/mcu/
2024-09-23 14:33:05,587 [INFO] DbBoardsPdsc:56 - Set plugin database path to: D:\STM32CUBE\STM32cubeIDE\STM32CubeIDE\plugins\com.st.stm32cube.common.mx_6.3.0.202107141111\\db\/plugins/boardmanager/
2024-09-23 14:33:05,587 [INFO] DbMcus:258 - Set plugin images path to: D:\STM32CUBE\STM32cubeIDE\STM32CubeIDE\plugins\com.st.stm32cube.common.mx_6.3.0.202107141111\\db\/plugins/mcufinder/images/
2024-09-23 14:33:05,587 [INFO] DbBoards:264 - Set plugin images path to: D:\STM32CUBE\STM32cubeIDE\STM32CubeIDE\plugins\com.st.stm32cube.common.mx_6.3.0.202107141111\\db\/plugins/mcufinder/images/
2024-09-23 14:33:05,587 [INFO] DbExamples:333 - Set plugin images path to: D:\STM32CUBE\STM32cubeIDE\STM32CubeIDE\plugins\com.st.stm32cube.common.mx_6.3.0.202107141111\\db\/plugins/mcufinder/images/
2024-09-23 14:33:05,587 [WARN] DbFile:35 - Overriding database path with different value: C:\Users\nguye\.stmcufinder\plugins\mcufinder/ => C:\Users\nguye\.stmcufinder\plugins\mcufinder
2024-09-23 14:33:05,589 [INFO] DbMcusAds:119 - Set database path to: C:\Users\nguye\.stmcufinder\plugins\mcufinder//mcu/
2024-09-23 14:33:05,589 [WARN] DbFile:35 - Overriding database path with different value: C:\Users\nguye\.stmcufinder\plugins\mcufinder/ => C:\Users\nguye\.stmcufinder\plugins\mcufinder
2024-09-23 14:33:05,589 [INFO] DbMcusDocs:110 - Set database path to: C:\Users\nguye\.stmcufinder\plugins\mcufinder//mcu/
2024-09-23 14:33:05,589 [WARN] DbFile:35 - Overriding database path with different value: C:\Users\nguye\.stmcufinder\plugins\mcufinder/ => C:\Users\nguye\.stmcufinder\plugins\mcufinder
2024-09-23 14:33:05,589 [INFO] DbMcusJson:64 - Set database path to: C:\Users\nguye\.stmcufinder\plugins\mcufinder//mcu/
2024-09-23 14:33:05,589 [WARN] DbFile:35 - Overriding database path with different value: C:\Users\nguye\.stmcufinder\plugins\mcufinder/ => C:\Users\nguye\.stmcufinder\plugins\mcufinder
2024-09-23 14:33:05,589 [INFO] DbBoardsDocs:110 - Set database path to: C:\Users\nguye\.stmcufinder\plugins\mcufinder//mcu/
2024-09-23 14:33:05,589 [WARN] DbFile:35 - Overriding database path with different value: C:\Users\nguye\.stmcufinder\plugins\mcufinder/ => C:\Users\nguye\.stmcufinder\plugins\mcufinder
2024-09-23 14:33:05,589 [INFO] DbBoardsJson:57 - Set database path to: C:\Users\nguye\.stmcufinder\plugins\mcufinder//mcu/
2024-09-23 14:33:05,589 [WARN] DbFile:35 - Overriding database path with different value: C:\Users\nguye\.stmcufinder\plugins\mcufinder/ => C:\Users\nguye\.stmcufinder\plugins\mcufinder
2024-09-23 14:33:05,589 [WARN] DbFile:35 - Overriding database path with different value: C:\Users\nguye\.stmcufinder\plugins\mcufinder/ => C:\Users\nguye\.stmcufinder\plugins\mcufinder
2024-09-23 14:33:05,589 [INFO] CrossReferenceDbSqlite:196 - Set database path to: C:\Users\nguye\.stmcufinder\plugins\mcufinder//mcu/cs/
2024-09-23 14:33:05,589 [WARN] DbFile:35 - Overriding database path with different value: C:\Users\nguye\.stmcufinder\plugins\mcufinder/ => C:\Users\nguye\.stmcufinder\plugins\mcufinder
2024-09-23 14:33:05,589 [INFO] DbExamplesSqlite:767 - Set database path to: C:\Users\nguye\.stmcufinder\plugins\mcufinder//mcu/
2024-09-23 14:33:05,630 [INFO] MainPanel:214 - HeapMemory: 268435456
2024-09-23 14:33:05,673 [INFO] DbMcusXml:74 - Set database path to: D:\STM32CUBE\STM32cubeIDE\STM32CubeIDE\plugins\com.st.stm32cube.common.mx_6.3.0.202107141111\\db\/mcu/
2024-09-23 14:33:05,673 [INFO] DbBoardsPdsc:56 - Set plugin database path to: D:\STM32CUBE\STM32cubeIDE\STM32CubeIDE\plugins\com.st.stm32cube.common.mx_6.3.0.202107141111\\db\/plugins/boardmanager/
2024-09-23 14:33:05,674 [INFO] DbMcus:258 - Set plugin images path to: D:\STM32CUBE\STM32cubeIDE\STM32CubeIDE\plugins\com.st.stm32cube.common.mx_6.3.0.202107141111\\db\/plugins/mcufinder/images/
2024-09-23 14:33:05,674 [INFO] DbBoards:264 - Set plugin images path to: D:\STM32CUBE\STM32cubeIDE\STM32CubeIDE\plugins\com.st.stm32cube.common.mx_6.3.0.202107141111\\db\/plugins/mcufinder/images/
2024-09-23 14:33:05,674 [INFO] DbExamples:333 - Set plugin images path to: D:\STM32CUBE\STM32cubeIDE\STM32CubeIDE\plugins\com.st.stm32cube.common.mx_6.3.0.202107141111\\db\/plugins/mcufinder/images/
2024-09-23 14:33:05,674 [WARN] DbFile:35 - Overriding database path with different value: C:\Users\nguye\.stmcufinder\plugins\mcufinder/ => C:\Users\nguye\.stmcufinder\plugins\mcufinder
2024-09-23 14:33:05,674 [INFO] DbMcusAds:119 - Set database path to: C:\Users\nguye\.stmcufinder\plugins\mcufinder//mcu/
2024-09-23 14:33:05,674 [WARN] DbFile:35 - Overriding database path with different value: C:\Users\nguye\.stmcufinder\plugins\mcufinder/ => C:\Users\nguye\.stmcufinder\plugins\mcufinder
2024-09-23 14:33:05,674 [INFO] DbMcusDocs:110 - Set database path to: C:\Users\nguye\.stmcufinder\plugins\mcufinder//mcu/
2024-09-23 14:33:05,674 [WARN] DbFile:35 - Overriding database path with different value: C:\Users\nguye\.stmcufinder\plugins\mcufinder/ => C:\Users\nguye\.stmcufinder\plugins\mcufinder
2024-09-23 14:33:05,674 [INFO] DbMcusJson:64 - Set database path to: C:\Users\nguye\.stmcufinder\plugins\mcufinder//mcu/
2024-09-23 14:33:05,674 [WARN] DbFile:35 - Overriding database path with different value: C:\Users\nguye\.stmcufinder\plugins\mcufinder/ => C:\Users\nguye\.stmcufinder\plugins\mcufinder
2024-09-23 14:33:05,674 [INFO] DbBoardsDocs:110 - Set database path to: C:\Users\nguye\.stmcufinder\plugins\mcufinder//mcu/
2024-09-23 14:33:05,674 [WARN] DbFile:35 - Overriding database path with different value: C:\Users\nguye\.stmcufinder\plugins\mcufinder/ => C:\Users\nguye\.stmcufinder\plugins\mcufinder
2024-09-23 14:33:05,674 [INFO] DbBoardsJson:57 - Set database path to: C:\Users\nguye\.stmcufinder\plugins\mcufinder//mcu/
2024-09-23 14:33:05,674 [WARN] DbFile:35 - Overriding database path with different value: C:\Users\nguye\.stmcufinder\plugins\mcufinder/ => C:\Users\nguye\.stmcufinder\plugins\mcufinder
2024-09-23 14:33:05,674 [WARN] DbFile:35 - Overriding database path with different value: C:\Users\nguye\.stmcufinder\plugins\mcufinder/ => C:\Users\nguye\.stmcufinder\plugins\mcufinder
2024-09-23 14:33:05,674 [INFO] CrossReferenceDbSqlite:196 - Set database path to: C:\Users\nguye\.stmcufinder\plugins\mcufinder//mcu/cs/
2024-09-23 14:33:05,675 [WARN] DbFile:35 - Overriding database path with different value: C:\Users\nguye\.stmcufinder\plugins\mcufinder/ => C:\Users\nguye\.stmcufinder\plugins\mcufinder
2024-09-23 14:33:05,675 [INFO] DbExamplesSqlite:767 - Set database path to: C:\Users\nguye\.stmcufinder\plugins\mcufinder//mcu/
2024-09-23 14:33:05,687 [INFO] ApplicationProperties:181 - Using Application install path: D:\STM32CUBE\STM32cubeIDE\STM32CubeIDE\plugins\com.st.stm32cube.common.mx_6.3.0.202107141111
2024-09-23 14:33:05,687 [INFO] PluginManage:188 - Search for loadable plugins [exclusion list=, ]
2024-09-23 14:33:05,688 [INFO] PluginManage:302 - Check plugin analytics
2024-09-23 14:33:05,769 [INFO] AnalyticsPlugin:257 - Accepted Software Licenses: 
2024-09-23 14:33:05,769 [INFO] AnalyticsPlugin:259 - Accepted CMSIS Pack Licenses: 
2024-09-23 14:33:05,769 [INFO] AnalyticsPlugin:261 - Accepted Firmware Licenses: 
2024-09-23 14:33:05,769 [INFO] PluginManage:352 - Loaded plugin analytics (category:tool,tabindex:-1)
2024-09-23 14:33:05,770 [INFO] PluginManage:302 - Check plugin clock
2024-09-23 14:33:05,776 [INFO] PluginManage:352 - Loaded plugin clock (category:base,tabindex:2)
2024-09-23 14:33:05,776 [INFO] PluginManage:302 - Check plugin ddr
2024-09-23 14:33:05,777 [INFO] PluginManage:352 - Loaded plugin ddr (category:tool,tabindex:6)
2024-09-23 14:33:05,777 [INFO] PluginManage:302 - Check plugin filemanager
2024-09-23 14:33:05,853 [INFO] PluginManage:352 - Loaded plugin filemanager (category:base,tabindex:10)
2024-09-23 14:33:05,853 [INFO] PluginManage:302 - Check plugin ipmanager
2024-09-23 14:33:05,857 [INFO] PluginManage:352 - Loaded plugin ipmanager (category:base,tabindex:5)
2024-09-23 14:33:05,857 [INFO] PluginManage:302 - Check plugin pinoutandconfiguration
2024-09-23 14:33:05,863 [INFO] PluginManage:352 - Loaded plugin pinoutandconfiguration (category:base,tabindex:1)
2024-09-23 14:33:05,863 [INFO] PluginManage:302 - Check plugin pinoutconfig
2024-09-23 14:33:05,880 [INFO] PluginManage:352 - Loaded plugin pinoutconfig (category:base,tabindex:0)
2024-09-23 14:33:05,880 [INFO] PluginManage:302 - Check plugin power
2024-09-23 14:33:05,884 [INFO] PluginManage:352 - Loaded plugin power (category:power,tabindex:4)
2024-09-23 14:33:05,884 [INFO] PluginManage:302 - Check plugin projectmanager
2024-09-23 14:33:05,894 [INFO] PluginManage:352 - Loaded plugin projectmanager (category:projectmanager,tabindex:3)
2024-09-23 14:33:05,894 [INFO] PluginManage:302 - Check plugin thirdparty
2024-09-23 14:33:05,979 [WARN] IntegrityCheckThread:78 - waiting for thirdparty lock release [integrity check]
2024-09-23 14:33:05,979 [INFO] PluginManage:352 - Loaded plugin thirdparty (category:base,tabindex:-1)
2024-09-23 14:33:05,979 [INFO] IntegrityCheckThread:80 - entering critical section [integrity check]
2024-09-23 14:33:05,979 [INFO] PluginManage:302 - Check plugin tools
2024-09-23 14:33:05,979 [INFO] ThirdPartyUpdaterWithRetryManager:66 - Updater plugin not ready yet. [1/15]
2024-09-23 14:33:05,981 [INFO] PluginManage:352 - Loaded plugin tools (category:base,tabindex:7)
2024-09-23 14:33:05,981 [INFO] PluginManage:302 - Check plugin tutovideos
2024-09-23 14:33:06,099 [INFO] PluginManage:352 - Loaded plugin tutovideos (category:base,tabindex:-1)
2024-09-23 14:33:06,099 [INFO] PluginManage:302 - Check plugin updater
2024-09-23 14:33:06,108 [INFO] PluginManage:352 - Loaded plugin updater (category:base,tabindex:12)
2024-09-23 14:33:06,109 [INFO] PluginManage:275 - PluginManage : Loaded plugins [13]
2024-09-23 14:33:06,247 [INFO] PinOutPanel:1463 - setPackage(No Configuration,No Configuration)
2024-09-23 14:33:06,304 [INFO] IPUIPlugin:74 - create IPUIPlugin
2024-09-23 14:33:06,304 [INFO] PluginManager:213 - loadIPPluginJar : add adc
2024-09-23 14:33:06,306 [INFO] IPUIPlugin:74 - create IPUIPlugin
2024-09-23 14:33:06,307 [INFO] PluginManager:213 - loadIPPluginJar : add aes
2024-09-23 14:33:06,309 [INFO] IPUIPlugin:74 - create IPUIPlugin
2024-09-23 14:33:06,309 [INFO] PluginManager:213 - loadIPPluginJar : add can
2024-09-23 14:33:06,310 [INFO] IPUIPlugin:74 - create IPUIPlugin
2024-09-23 14:33:06,311 [INFO] PluginManager:213 - loadIPPluginJar : add comp
2024-09-23 14:33:06,313 [INFO] IPUIPlugin:74 - create IPUIPlugin
2024-09-23 14:33:06,313 [INFO] PluginManager:213 - loadIPPluginJar : add cryp
2024-09-23 14:33:06,314 [INFO] IPUIPlugin:74 - create IPUIPlugin
2024-09-23 14:33:06,315 [INFO] PluginManager:213 - loadIPPluginJar : add dfsdm
2024-09-23 14:33:06,319 [INFO] IPUIPlugin:74 - create IPUIPlugin
2024-09-23 14:33:06,320 [INFO] PluginManager:213 - loadIPPluginJar : add dma
2024-09-23 14:33:06,321 [INFO] IPUIPlugin:74 - create IPUIPlugin
2024-09-23 14:33:06,321 [INFO] PluginManager:213 - loadIPPluginJar : add dma3
2024-09-23 14:33:06,322 [INFO] IPUIPlugin:74 - create IPUIPlugin
2024-09-23 14:33:06,322 [INFO] PluginManager:213 - loadIPPluginJar : add fatfs
2024-09-23 14:33:06,325 [INFO] IPUIPlugin:74 - create IPUIPlugin
2024-09-23 14:33:06,325 [INFO] PluginManager:213 - loadIPPluginJar : add fmc
2024-09-23 14:33:06,329 [INFO] IPUIPlugin:74 - create IPUIPlugin
2024-09-23 14:33:06,330 [INFO] PluginManager:213 - loadIPPluginJar : add freertos
2024-09-23 14:33:06,331 [INFO] IPUIPlugin:74 - create IPUIPlugin
2024-09-23 14:33:06,331 [INFO] PluginManager:213 - loadIPPluginJar : add genericplugin
2024-09-23 14:33:06,332 [INFO] IPUIPlugin:74 - create IPUIPlugin
2024-09-23 14:33:06,332 [INFO] PluginManager:213 - loadIPPluginJar : add gfxmmu
2024-09-23 14:33:06,335 [INFO] IPUIPlugin:74 - create IPUIPlugin
2024-09-23 14:33:06,335 [INFO] PluginManager:213 - loadIPPluginJar : add gic
2024-09-23 14:33:06,338 [INFO] IPUIPlugin:74 - create IPUIPlugin
2024-09-23 14:33:06,339 [INFO] PluginManager:213 - loadIPPluginJar : add gpio
2024-09-23 14:33:06,340 [INFO] IPUIPlugin:74 - create IPUIPlugin
2024-09-23 14:33:06,340 [INFO] PluginManager:213 - loadIPPluginJar : add gtzc
2024-09-23 14:33:06,341 [INFO] IPUIPlugin:74 - create IPUIPlugin
2024-09-23 14:33:06,342 [INFO] PluginManager:213 - loadIPPluginJar : add hash
2024-09-23 14:33:06,343 [INFO] IPUIPlugin:74 - create IPUIPlugin
2024-09-23 14:33:06,343 [INFO] PluginManager:213 - loadIPPluginJar : add i2c
2024-09-23 14:33:06,344 [INFO] IPUIPlugin:74 - create IPUIPlugin
2024-09-23 14:33:06,344 [INFO] PluginManager:213 - loadIPPluginJar : add i2s
2024-09-23 14:33:06,346 [INFO] IPUIPlugin:74 - create IPUIPlugin
2024-09-23 14:33:06,346 [INFO] PluginManager:213 - loadIPPluginJar : add ipddr
2024-09-23 14:33:06,351 [INFO] IPUIPlugin:74 - create IPUIPlugin
2024-09-23 14:33:06,352 [INFO] PluginManager:213 - loadIPPluginJar : add linkedlist
2024-09-23 14:33:06,353 [INFO] IPUIPlugin:74 - create IPUIPlugin
2024-09-23 14:33:06,353 [INFO] PluginManager:213 - loadIPPluginJar : add lorawan
2024-09-23 14:33:06,354 [INFO] IPUIPlugin:74 - create IPUIPlugin
2024-09-23 14:33:06,354 [INFO] PluginManager:213 - loadIPPluginJar : add ltdc
2024-09-23 14:33:06,357 [INFO] IPUIPlugin:74 - create IPUIPlugin
2024-09-23 14:33:06,357 [INFO] PluginManager:213 - loadIPPluginJar : add mdma
2024-09-23 14:33:06,359 [INFO] IPUIPlugin:74 - create IPUIPlugin
2024-09-23 14:33:06,359 [INFO] PluginManager:213 - loadIPPluginJar : add nvic
2024-09-23 14:33:06,360 [INFO] IPUIPlugin:74 - create IPUIPlugin
2024-09-23 14:33:06,360 [INFO] PluginManager:213 - loadIPPluginJar : add opamp
2024-09-23 14:33:06,361 [INFO] IPUIPlugin:74 - create IPUIPlugin
2024-09-23 14:33:06,361 [INFO] PluginManager:213 - loadIPPluginJar : add openamp
2024-09-23 14:33:06,363 [INFO] IPUIPlugin:74 - create IPUIPlugin
2024-09-23 14:33:06,363 [INFO] PluginManager:213 - loadIPPluginJar : add pdm2pcm
2024-09-23 14:33:06,370 [INFO] IPUIPlugin:74 - create IPUIPlugin
2024-09-23 14:33:06,371 [INFO] PluginManager:213 - loadIPPluginJar : add plateformsettings
2024-09-23 14:33:06,372 [INFO] IPUIPlugin:74 - create IPUIPlugin
2024-09-23 14:33:06,372 [INFO] PluginManager:213 - loadIPPluginJar : add quadspi
2024-09-23 14:33:06,374 [INFO] IPUIPlugin:74 - create IPUIPlugin
2024-09-23 14:33:06,374 [INFO] PluginManager:213 - loadIPPluginJar : add resmgrutility
2024-09-23 14:33:06,376 [INFO] IPUIPlugin:74 - create IPUIPlugin
2024-09-23 14:33:06,376 [INFO] PluginManager:213 - loadIPPluginJar : add sai
2024-09-23 14:33:06,377 [INFO] IPUIPlugin:74 - create IPUIPlugin
2024-09-23 14:33:06,377 [INFO] PluginManager:213 - loadIPPluginJar : add spi
2024-09-23 14:33:06,381 [INFO] IPUIPlugin:74 - create IPUIPlugin
2024-09-23 14:33:06,381 [INFO] PluginManager:213 - loadIPPluginJar : add stm32_wpan
2024-09-23 14:33:06,382 [INFO] IPUIPlugin:74 - create IPUIPlugin
2024-09-23 14:33:06,382 [INFO] PluginManager:213 - loadIPPluginJar : add tim
2024-09-23 14:33:06,386 [INFO] IPUIPlugin:74 - create IPUIPlugin
2024-09-23 14:33:06,386 [INFO] PluginManager:213 - loadIPPluginJar : add touchsensing
2024-09-23 14:33:06,387 [INFO] IPUIPlugin:74 - create IPUIPlugin
2024-09-23 14:33:06,387 [INFO] PluginManager:213 - loadIPPluginJar : add tracer_emb
2024-09-23 14:33:06,388 [INFO] IPUIPlugin:74 - create IPUIPlugin
2024-09-23 14:33:06,388 [INFO] PluginManager:213 - loadIPPluginJar : add ts
2024-09-23 14:33:06,389 [INFO] IPUIPlugin:74 - create IPUIPlugin
2024-09-23 14:33:06,389 [INFO] PluginManager:213 - loadIPPluginJar : add tsc
2024-09-23 14:33:06,390 [INFO] IPUIPlugin:74 - create IPUIPlugin
2024-09-23 14:33:06,390 [INFO] PluginManager:213 - loadIPPluginJar : add ucpd
2024-09-23 14:33:06,391 [INFO] IPUIPlugin:74 - create IPUIPlugin
2024-09-23 14:33:06,391 [INFO] PluginManager:213 - loadIPPluginJar : add usart
2024-09-23 14:33:06,392 [INFO] IPUIPlugin:74 - create IPUIPlugin
2024-09-23 14:33:06,392 [INFO] PluginManager:213 - loadIPPluginJar : add usbx
2024-09-23 14:33:06,613 [FATAL] Updater:294 - Updater called before beeing initialized
2024-09-23 14:33:06,682 [FATAL] Updater:294 - Updater called before beeing initialized
2024-09-23 14:33:06,685 [INFO] DbMcusAds:47 - JSON generation date=Fri Sep 20 20:04:23 ICT 2024 (1726837463113)
2024-09-23 14:33:06,685 [FATAL] Updater:294 - Updater called before beeing initialized
2024-09-23 14:33:06,709 [WARN] DetailPanel:314 - Failed to get advertising image, set to default
2024-09-23 14:33:06,786 [FATAL] Updater:294 - Updater called before beeing initialized
2024-09-23 14:33:06,787 [FATAL] Updater:294 - Updater called before beeing initialized
2024-09-23 14:33:06,787 [FATAL] Updater:294 - Updater called before beeing initialized
2024-09-23 14:33:06,787 [WARN] DetailPanel:314 - Failed to get advertising image, set to default
2024-09-23 14:33:06,789 [FATAL] Updater:294 - Updater called before beeing initialized
2024-09-23 14:33:06,821 [ERROR] Updater:1075 - MainUpdater not yet initialized. External WinMGr cannot be set.
2024-09-23 14:33:06,823 [INFO] Updater:1012 - Updater Version found : 6.3.0
2024-09-23 14:33:06,836 [INFO] ApplicationProperties:181 - Using Application install path: D:\STM32CUBE\STM32cubeIDE\STM32CubeIDE\plugins\com.st.stm32cube.common.mx_6.3.0.202107141111
2024-09-23 14:33:08,981 [INFO] ThirdPartyUpdaterWithRetryManager:66 - Updater plugin not ready yet. [2/15]
2024-09-23 14:33:09,296 [INFO] MainUpdater:2671 - connection check result : 10
2024-09-23 14:33:09,297 [INFO] MainUpdater:265 - Updater Check For Update Now.
2024-09-23 14:33:09,297 [INFO] MicroXplorer:478 - Change Database Version : DB.6.0.30
2024-09-23 14:33:09,449 [INFO] CheckServerUpdateThread:112 - End of CheckServer Thread
2024-09-23 14:33:09,509 [INFO] MainUpdater:2671 - connection check result : 10
2024-09-23 14:33:09,690 [INFO] McuFinderGlobals:52 - Set McuFinderConnectedMode to false
2024-09-23 14:33:09,749 [INFO] CrossSelectorPresenter:1330 - Cross Selector saved comparison directory: C:\Users\nguye\.stmcufinder\plugins\mcufinder\mcu\cs_comparisons_mx
2024-09-23 14:33:09,753 [INFO] MultiScanPanel:197 - Auto-refresh data requested => check proxy status ongoing
2024-09-23 14:33:09,753 [INFO] MultiScanPanel:201 - Proxy status is invalid
2024-09-23 14:33:09,757 [INFO] FinderPluginLoader:87 - Searching for filters in installed packs
2024-09-23 14:33:09,757 [INFO] DbMcusXml:100 - Load MCU database from D:\STM32CUBE\STM32cubeIDE\STM32CubeIDE\plugins\com.st.stm32cube.common.mx_6.3.0.202107141111\\db\/mcu/families.xml
2024-09-23 14:33:10,302 [INFO] DbMcusJson:93 - JSON generation date=Tue Nov 16 23:17:54 ICT 2021 (1637079474)
2024-09-23 14:33:10,681 [INFO] DbMcus:175 - Found 1951 MCUs (1903 are supported by CubeMX, 1914 are visible in CubeMX)
2024-09-23 14:33:10,681 [INFO] ApiDb:251 - Load user favorites file C:\Users\nguye/.stm32cubeide/favorites.mcus.txt: 0 item(s)
2024-09-23 14:33:10,681 [INFO] ApiDb:255 - User favorites MCUs=[]
2024-09-23 14:33:10,682 [INFO] DbMcus:187 - Set 0 / 0 favorites MCUs
2024-09-23 14:33:11,110 [INFO] DetailPanel:309 - Set advertising image to C:/Users/nguye/STM32Cube/Repository/\en.prom-stm32c071-usb-memories-mcu-finder.png
2024-09-23 14:33:11,486 [INFO] DbBoardsPdsc:90 - Found 25 items
2024-09-23 14:33:11,488 [INFO] DbBoardsPdsc:90 - Found 9 items
2024-09-23 14:33:11,490 [INFO] DbBoardsPdsc:90 - Found 33 items
2024-09-23 14:33:11,493 [INFO] DbBoardsPdsc:90 - Found 1 items
2024-09-23 14:33:11,499 [INFO] DbBoardsPdsc:90 - Found 48 items
2024-09-23 14:33:11,506 [INFO] DbBoardsPdsc:90 - Found 43 items
2024-09-23 14:33:11,508 [INFO] DbBoardsPdsc:90 - Found 2 items
2024-09-23 14:33:11,509 [INFO] DbBoardsPdsc:90 - Found 5 items
2024-09-23 14:33:11,514 [WARN] DbBoardsPdsc:254 - Board STM32H7B3I-DK: unknown feature type=Audio, name=, username=Audio stereo codec with Headphone Amp (CS42L51-CNZ), n=1
2024-09-23 14:33:11,515 [WARN] DbBoardsPdsc:254 - Board STM32H735G-DK: unknown feature type=Audio, name=, username=Audio stereo codec with Headphone Amp (WM8994ECS/R), n=1
2024-09-23 14:33:11,519 [WARN] DbBoardsPdsc:254 - Board STM32H7B3I-EVAL: unknown feature type=Audio, name=, username=Multi-Channel Audio Codec (CS42L51-CNZ), n=1
2024-09-23 14:33:11,519 [WARN] DbBoardsPdsc:254 - Board STM32H7B3I-EVAL: unknown feature type=Meter, name=, username=Power-metering and Temperature-monitoring with sigma-delta modulators, n=1
2024-09-23 14:33:11,519 [WARN] DbBoardsPdsc:254 - Board STM32H7B3I-EVAL: unknown feature type=Motor, name=, username=Motor Control, n=1
2024-09-23 14:33:11,520 [WARN] DbBoardsPdsc:254 - Board STM32U575I-EV: unknown feature type=joystick, name=, username=4-direction joystick with selection button, n=1
2024-09-23 14:33:11,542 [INFO] DbBoardsJson:86 - JSON generation date=Tue Nov 16 23:17:54 ICT 2021 (1637079474)
2024-09-23 14:33:11,547 [INFO] DbBoards:117 - Found 167 boards (163 are supported by CubeMX)
2024-09-23 14:33:11,549 [INFO] DbBoardsDocs:143 - JSON generation date=Tue Nov 16 23:17:54 ICT 2021 (1637079474)
2024-09-23 14:33:11,552 [INFO] DbBoardsDocs:79 - Found 209 boards documents
2024-09-23 14:33:11,553 [WARN] DbBoards:127 - board B-L475E-IOT01A2 has no document id list !
2024-09-23 14:33:11,553 [WARN] DbBoards:127 - board NUCLEO-H743ZI has no document id list !
2024-09-23 14:33:11,554 [WARN] DbBoards:127 - board NUCLEO-WL55JC2 has no document id list !
2024-09-23 14:33:11,554 [WARN] DbBoards:127 - board P-NUCLEO-WB55-Nucleo has no document id list !
2024-09-23 14:33:11,554 [WARN] DbBoards:127 - board P-NUCLEO-WB55-USBDongle has no document id list !
2024-09-23 14:33:11,554 [WARN] DbBoards:127 - board STEVAL-BFA001V1B has no document id list !
2024-09-23 14:33:11,554 [WARN] DbBoards:127 - board STEVAL-BFA001V2B has no document id list !
2024-09-23 14:33:11,554 [WARN] DbBoards:127 - board STEVAL-IDP005V1 has no document id list !
2024-09-23 14:33:11,554 [WARN] DbBoards:127 - board STEVAL-IDP005V2 has no document id list !
2024-09-23 14:33:11,554 [WARN] DbBoards:127 - board STEVAL-MKSBOX1V1 has no document id list !
2024-09-23 14:33:11,554 [WARN] DbBoards:127 - board STEVAL-STWINKT1 has no document id list !
2024-09-23 14:33:11,554 [WARN] DbBoards:127 - board STEVAL-STWINKT1B has no document id list !
2024-09-23 14:33:11,554 [WARN] DbBoards:127 - board STM32439I-EVAL2 has no document id list !
2024-09-23 14:33:11,554 [WARN] DbBoards:127 - board STM32F401C-DISCO has no document id list !
2024-09-23 14:33:11,555 [WARN] DbBoards:127 - board STM32F769I-DISC1 has no document id list !
2024-09-23 14:33:11,555 [WARN] DbBoards:127 - board STM32G474E-EVAL1 has no document id list !
2024-09-23 14:33:11,555 [WARN] DbBoards:127 - board STM32H743I-EVAL2 has no document id list !
2024-09-23 14:33:11,555 [WARN] DbBoards:127 - board STM32H747I-DISC1 has no document id list !
2024-09-23 14:33:11,555 [WARN] DbBoards:127 - board STM32H753I-EVAL2 has no document id list !
2024-09-23 14:33:11,555 [WARN] DbBoards:127 - board STM32L-DISCOVERY has no document id list !
2024-09-23 14:33:11,647 [ERROR] DbBoards:189 - Image file not found for board B-U585I-IOT02A: D:\STM32CUBE\STM32cubeIDE\STM32CubeIDE\plugins\com.st.stm32cube.common.mx_6.3.0.202107141111\\db\/plugins/mcufinder/images/boards/B-U585I-IOT02A_small.jpg
2024-09-23 14:33:11,707 [ERROR] DbBoards:189 - Image file not found for board NUCLEO-F413ZH: D:\STM32CUBE\STM32cubeIDE\STM32CubeIDE\plugins\com.st.stm32cube.common.mx_6.3.0.202107141111\\db\/plugins/mcufinder/images/boards/nucleo-f413zh_small.jpg
2024-09-23 14:33:11,826 [ERROR] DbBoards:189 - Image file not found for board NUCLEO-L552ZE-Q: D:\STM32CUBE\STM32cubeIDE\STM32CubeIDE\plugins\com.st.stm32cube.common.mx_6.3.0.202107141111\\db\/plugins/mcufinder/images/boards/nucleo_l552ze_q_small.jpg
2024-09-23 14:33:11,826 [ERROR] DbBoards:189 - Image file not found for board NUCLEO-U575ZI-Q: D:\STM32CUBE\STM32cubeIDE\STM32CubeIDE\plugins\com.st.stm32cube.common.mx_6.3.0.202107141111\\db\/plugins/mcufinder/images/boards/nucleo-u575zi-q_small.jpg
2024-09-23 14:33:11,826 [ERROR] DbBoards:189 - Image file not found for board NUCLEO-WB15CC: D:\STM32CUBE\STM32cubeIDE\STM32CubeIDE\plugins\com.st.stm32cube.common.mx_6.3.0.202107141111\\db\/plugins/mcufinder/images/boards/nucleo-wb15cc_small.jpg
2024-09-23 14:33:11,826 [ERROR] DbBoards:189 - Image file not found for board NUCLEO-WB55RG: D:\STM32CUBE\STM32cubeIDE\STM32CubeIDE\plugins\com.st.stm32cube.common.mx_6.3.0.202107141111\\db\/plugins/mcufinder/images/boards/nucleo-wb55rg_small.jpg
2024-09-23 14:33:12,063 [ERROR] Engine:463 - C:\Users\nguye\.stm32cubemx\thirdparties\pdsc\STMicroelectronics.FP-SNS-MOTENVWB1.1.4.0.pdsc: PDSC version is not supported
2024-09-23 14:33:12,072 [ERROR] Engine:463 - C:\Users\nguye\.stm32cubemx\thirdparties\pdsc\STMicroelectronics.X-CUBE-SMBUS.2.1.0.pdsc: PDSC version is not supported
2024-09-23 14:33:12,107 [WARN] PackLoader:238 - Cannot read IP mode file for STMicroelectronics.X-CUBE-AZRTOS-F7.1.1.0
2024-09-23 14:33:12,144 [WARN] PackLoader:238 - Cannot read IP mode file for STMicroelectronics.X-CUBE-MEMS1.11.0.0
2024-09-23 14:33:12,261 [ERROR] Engine:463 - C:\Users\nguye\.stm32cubemx\thirdparties\pdsc\STMicroelectronics.FP-SNS-FLIGHT1.5.0.2.pdsc: PDSC version is not supported
2024-09-23 14:33:12,261 [ERROR] Engine:463 - C:\Users\nguye\.stm32cubemx\thirdparties\pdsc\STMicroelectronics.X-CUBE-DISPLAY.3.0.0.pdsc: PDSC version is not supported
2024-09-23 14:33:12,261 [WARN] PackLoader:238 - Cannot read IP mode file for STMicroelectronics.X-CUBE-BLE1.7.0.0
2024-09-23 14:33:12,270 [ERROR] Engine:463 - C:\Users\nguye\.stm32cubemx\thirdparties\pdsc\emotas.I-CUBE-CANOPEN.1.3.0.pdsc: PDSC version is not supported
2024-09-23 14:33:12,270 [ERROR] Engine:463 - C:\Users\nguye\.stm32cubemx\thirdparties\pdsc\STMicroelectronics.X-CUBE-BLEMGR.3.1.0.pdsc: PDSC version is not supported
2024-09-23 14:33:12,270 [ERROR] Engine:463 - C:\Users\nguye\.stm32cubemx\thirdparties\pdsc\STMicroelectronics.FP-SNS-SMARTAG2.1.2.0.pdsc: PDSC version is not supported
2024-09-23 14:33:12,277 [INFO] LogOutputStream:76 - [STDOUT_REDIRECT] 1 : Invalid condition id : UX_CORESTACK_Condition cause : null
2024-09-23 14:33:12,280 [INFO] LogOutputStream:76 - [STDOUT_REDIRECT] 1 : Invalid condition id : UX_CORESTACK_Condition cause : null
2024-09-23 14:33:12,281 [INFO] LogOutputStream:76 - [STDOUT_REDIRECT] 1 : Invalid condition id : UX_CORESTACK_Condition cause : null
2024-09-23 14:33:12,281 [INFO] LogOutputStream:76 - [STDOUT_REDIRECT] 1 : Invalid condition id : UX_CORESTACK_Condition cause : null
2024-09-23 14:33:12,281 [INFO] LogOutputStream:76 - [STDOUT_REDIRECT] 1 : Invalid condition id : UX_CORESTACK_Condition cause : null
2024-09-23 14:33:12,289 [WARN] PackLoader:238 - Cannot read IP mode file for STMicroelectronics.X-CUBE-AZRTOS-WL.2.0.0
2024-09-23 14:33:12,290 [ERROR] Engine:463 - C:\Users\nguye\.stm32cubemx\thirdparties\pdsc\STMicroelectronics.FP-SNS-MOTENV1.5.0.0.pdsc: PDSC version is not supported
2024-09-23 14:33:12,293 [WARN] PackLoader:238 - Cannot read IP mode file for wolfSSL.I-CUBE-wolfMQTT.1.19.0
2024-09-23 14:33:12,293 [WARN] PackLoader:238 - Cannot read IP mode file for WES.I-CUBE-Cesium.1.3.0
2024-09-23 14:33:12,301 [WARN] PackLoader:238 - Cannot read IP mode file for STMicroelectronics.X-CUBE-BLE2.3.3.0
2024-09-23 14:33:12,301 [ERROR] Engine:463 - C:\Users\nguye\.stm32cubemx\thirdparties\pdsc\STMicroelectronics.X-CUBE-TCPP.4.1.0.pdsc: PDSC version is not supported
2024-09-23 14:33:12,309 [WARN] PackLoader:238 - Cannot read IP mode file for STMicroelectronics.X-CUBE-AZRTOS-G0.1.1.0
2024-09-23 14:33:12,320 [WARN] PackLoader:238 - Cannot read IP mode file for STMicroelectronics.X-CUBE-SAFEA1.1.2.2
2024-09-23 14:33:12,328 [WARN] PackLoader:238 - Cannot read IP mode file for STMicroelectronics.X-CUBE-NFC4.3.0.0
2024-09-23 14:33:12,329 [ERROR] Engine:463 - C:\Users\nguye\.stm32cubemx\thirdparties\pdsc\EmbeddedOffice.I-CUBE-FS-RTOS.1.0.1.pdsc: PDSC version is not supported
2024-09-23 14:33:12,329 [ERROR] Engine:463 - C:\Users\nguye\.stm32cubemx\thirdparties\pdsc\RealThread.X-CUBE-RT-Thread_Nano.4.1.1.pdsc: PDSC version is not supported
2024-09-23 14:33:12,329 [WARN] PackLoader:238 - Cannot read IP mode file for STMicroelectronics.FP-ATR-SIGFOX1.3.2.0
2024-09-23 14:33:12,339 [WARN] PackLoader:238 - Cannot read IP mode file for wolfSSL.I-CUBE-wolfSSL.5.7.2
2024-09-23 14:33:12,341 [WARN] PackLoader:238 - Cannot read IP mode file for STMicroelectronics.X-CUBE-EEPRMA1.5.1.0
2024-09-23 14:33:12,341 [ERROR] Engine:463 - C:\Users\nguye\.stm32cubemx\thirdparties\pdsc\ITTIA_DB.I-CUBE-ITTIADB.8.9.0.pdsc: PDSC version is not supported
2024-09-23 14:33:12,369 [WARN] PackLoader:238 - Cannot read IP mode file for SEGGER.I-CUBE-embOS.1.3.1
2024-09-23 14:33:12,399 [WARN] PackLoader:238 - Cannot read IP mode file for STMicroelectronics.X-CUBE-ALGOBUILD.1.4.0
2024-09-23 14:33:12,401 [WARN] PackLoader:238 - Cannot read IP mode file for STMicroelectronics.X-CUBE-GNSS1.6.0.0
2024-09-23 14:33:12,410 [WARN] PackLoader:238 - Cannot read IP mode file for STMicroelectronics.X-CUBE-AZRTOS-F4.1.1.0
2024-09-23 14:33:12,421 [WARN] PackLoader:238 - Cannot read IP mode file for STMicroelectronics.X-CUBE-ISPU.2.1.0
2024-09-23 14:33:12,421 [ERROR] Engine:463 - C:\Users\nguye\.stm32cubemx\thirdparties\pdsc\STMicroelectronics.X-CUBE-FREERTOS.1.2.0.pdsc: PDSC version is not supported
2024-09-23 14:33:12,441 [WARN] PackLoader:238 - Cannot read IP mode file for STMicroelectronics.X-CUBE-AZRTOS-L5.2.0.0
2024-09-23 14:33:12,441 [WARN] PackLoader:238 - Cannot read IP mode file for STMicroelectronics.X-CUBE-NFC6.3.1.0
2024-09-23 14:33:12,449 [ERROR] Engine:463 - C:\Users\nguye\.stm32cubemx\thirdparties\pdsc\STMicroelectronics.X-CUBE-DPower.1.2.0.pdsc: PDSC version is not supported
2024-09-23 14:33:12,451 [WARN] PackLoader:238 - Cannot read IP mode file for STMicroelectronics.X-CUBE-AI.9.0.0
2024-09-23 14:33:12,451 [WARN] PackLoader:238 - Cannot read IP mode file for STMicroelectronics.X-CUBE-NFC7.1.0.1
2024-09-23 14:33:12,471 [WARN] ConditionMgr:437 - getConditionDescription Invalid condition id : LAN8742 Phy interface Condition cause : null
2024-09-23 14:33:12,471 [WARN] PackLoader:238 - Cannot read IP mode file for STMicroelectronics.X-CUBE-AZRTOS-L4.2.0.0
2024-09-23 14:33:12,471 [WARN] ConditionMgr:1038 - genDependencies : Invalid condition id : LAN8742 Phy interface Condition cause : null
2024-09-23 14:33:12,471 [WARN] ConditionMgr:1038 - genDependencies : Invalid condition id : LAN8742 Phy interface Condition cause : null
2024-09-23 14:33:12,471 [WARN] ConditionMgr:1038 - genDependencies : Invalid condition id : LAN8742 Phy interface Condition cause : null
2024-09-23 14:33:12,480 [WARN] PackLoader:238 - Cannot read IP mode file for STMicroelectronics.X-CUBE-SFXS2LP1.4.0.0
2024-09-23 14:33:12,491 [WARN] PackLoader:238 - Cannot read IP mode file for STMicroelectronics.X-CUBE-AZRTOS-H7.3.3.0
2024-09-23 14:33:12,500 [WARN] ConditionMgr:437 - getConditionDescription Invalid condition id : UX DEVICE CLASS RTOS Condition cause : null
2024-09-23 14:33:12,500 [WARN] ConditionMgr:437 - getConditionDescription Invalid condition id : UX DEVICE CLASS RTOS Condition cause : null
2024-09-23 14:33:12,500 [WARN] PackLoader:238 - Cannot read IP mode file for STMicroelectronics.X-CUBE-AZRTOS-WB.2.0.0
2024-09-23 14:33:12,500 [WARN] ConditionMgr:1038 - genDependencies : Invalid condition id : UX DEVICE CLASS RTOS Condition cause : null
2024-09-23 14:33:12,500 [WARN] ConditionMgr:1038 - genDependencies : Invalid condition id : UX DEVICE CLASS RTOS Condition cause : null
2024-09-23 14:33:12,500 [WARN] ConditionMgr:1038 - genDependencies : Invalid condition id : UX DEVICE CLASS RTOS Condition cause : null
2024-09-23 14:33:12,500 [WARN] ConditionMgr:1038 - genDependencies : Invalid condition id : UX DEVICE CLASS RTOS Condition cause : null
2024-09-23 14:33:12,500 [WARN] ConditionMgr:1038 - genDependencies : Invalid condition id : UX DEVICE CLASS RTOS Condition cause : null
2024-09-23 14:33:12,511 [WARN] PackLoader:238 - Cannot read IP mode file for STMicroelectronics.X-CUBE-GNSS1.7.0.0
2024-09-23 14:33:12,511 [ERROR] Engine:463 - C:\Users\nguye\.stm32cubemx\thirdparties\pdsc\STMicroelectronics.FP-SNS-STBOX1.2.0.0.pdsc: PDSC version is not supported
2024-09-23 14:33:12,519 [WARN] PackLoader:238 - Cannot read IP mode file for STMicroelectronics.X-CUBE-SUBG2.5.0.0
2024-09-23 14:33:12,519 [ERROR] Engine:463 - C:\Users\nguye\.stm32cubemx\thirdparties\pdsc\Cesanta.I-CUBE-Mongoose.7.13.0.pdsc: PDSC version is not supported
2024-09-23 14:33:12,531 [WARN] PackLoader:238 - Cannot read IP mode file for STMicroelectronics.X-CUBE-AZRTOS-G4.2.0.0
2024-09-23 14:33:12,531 [WARN] PackLoader:238 - Cannot read IP mode file for STMicroelectronics.X-CUBE-ISPU.2.0.0
2024-09-23 14:33:12,531 [ERROR] Engine:463 - C:\Users\nguye\.stm32cubemx\thirdparties\pdsc\STMicroelectronics.X-CUBE-ALS.1.0.2.pdsc: PDSC version is not supported
2024-09-23 14:33:12,539 [WARN] PackLoader:238 - Cannot read IP mode file for STMicroelectronics.X-CUBE-TOUCHGFX.4.24.0
2024-09-23 14:33:12,540 [WARN] PackLoader:238 - Cannot read IP mode file for STMicroelectronics.X-CUBE-TOUCHGFX.4.24.1
2024-09-23 14:33:12,540 [WARN] PackLoader:238 - Cannot read IP mode file for wolfSSL.I-CUBE-wolfTPM.3.4.0
2024-09-23 14:33:12,540 [WARN] PackLoader:238 - Cannot read IP mode file for portGmbH.I-Cube-SoM-uGOAL.1.1.0
2024-09-23 14:33:12,559 [WARN] PackLoader:238 - Cannot read IP mode file for STMicroelectronics.X-CUBE-AZRTOS-H7RS.1.0.0
2024-09-23 14:33:12,562 [WARN] PackLoader:238 - Cannot read IP mode file for STMicroelectronics.FP-ATR-ASTRA1.2.0.0
2024-09-23 14:33:12,562 [ERROR] Engine:463 - C:\Users\nguye\.stm32cubemx\thirdparties\pdsc\STMicroelectronics.X-CUBE-TOF1.3.4.2.pdsc: PDSC version is not supported
2024-09-23 14:33:12,571 [ERROR] Engine:463 - C:\Users\nguye\.stm32cubemx\thirdparties\pdsc\Infineon.AIROC-Wi-Fi-Bluetooth-STM32.1.6.1.pdsc: PDSC version is not supported
2024-09-23 14:33:12,571 [WARN] PackLoader:238 - Cannot read IP mode file for wolfSSL.I-CUBE-wolfSSH.1.4.17
2024-09-23 14:33:12,571 [INFO] ThirdParty:915 - Integrity check success = true
2024-09-23 14:33:12,571 [INFO] IntegrityCheckThread:94 - exiting critical section [integrity check]
2024-09-23 14:33:12,571 [INFO] IntegrityCheckThread:97 - End integrity checks thread
2024-09-23 14:33:12,604 [INFO] ApiDb:251 - Load user favorites file C:\Users\nguye/.stm32cubeide/favorites.boards.txt: 0 item(s)
2024-09-23 14:33:12,609 [INFO] ApiDb:255 - User favorites Boards=[]
2024-09-23 14:33:12,609 [INFO] DbBoards:206 - Set 0 / 0 favorites Boards
2024-09-23 14:33:23,701 [INFO] DbMcusDocs:143 - JSON generation date=Tue Nov 16 23:17:54 ICT 2021 (1637079474)
2024-09-23 14:33:23,881 [INFO] DbMcusDocs:79 - Found 682 MCUs documents
2024-09-23 14:34:00,039 [INFO] MainUpdater:2671 - connection check result : 10
2024-09-23 14:34:00,039 [INFO] MainUpdater:2671 - connection check result : 10
2024-09-23 14:34:00,071 [INFO] MicroXplorer:448 - Change Database Path : 
2024-09-23 14:34:00,071 [INFO] MicroXplorer:478 - Change Database Version : DB.6.0.30
2024-09-23 14:34:00,071 [WARN] ThirdParty:813 - waiting for thirdparty lock release [close project]
2024-09-23 14:34:00,071 [INFO] ThirdParty:815 - entering critical section [close project]
2024-09-23 14:34:00,071 [INFO] ThirdParty:825 - exiting critical section [close project]
2024-09-23 14:34:00,071 [INFO] PinOutPanel:1463 - setPackage(No Configuration,No Configuration)
2024-09-23 14:34:00,071 [INFO] UtilMem:74 - Begin LoadConfig() Used Memory: 324729664 Bytes (482344960)
2024-09-23 14:34:00,079 [INFO] MicroXplorer:448 - Change Database Path : 
2024-09-23 14:34:00,079 [INFO] MicroXplorer:478 - Change Database Version : DB.6.0.30
2024-09-23 14:34:00,079 [INFO] OpenFileManager:313 - Change cursor
2024-09-23 14:34:00,536 [INFO] Context:592 - Trying to add GPIOservice into a context  which must be forbidden
2024-09-23 14:34:00,694 [INFO] ImportTextPane:167 - (OptionalMessage_ERROR) Unable to find key (Mcu.ThirdPartyNb) in loaded IOC file
2024-09-23 14:34:00,694 [INFO] ImportTextPane:167 - (OptionalMessage_ERROR) Unable to find key (Mcu.PinsNb) in loaded IOC file
2024-09-23 14:34:00,694 [INFO] ImportTextPane:167 - (OptionalMessage_ERROR) Unable to find key (Mcu.IPNb) in loaded IOC file
2024-09-23 14:34:00,721 [WARN] ApiManager:304 - Cannot register API 'Board Extension:GNSS1A1' from pack STMicroelectronics.X-CUBE-GNSS1.6.0.0: no header file found
2024-09-23 14:34:00,721 [WARN] ApiManager:304 - Cannot register API 'Board Support:Custom' from pack STMicroelectronics.X-CUBE-GNSS1.6.0.0: no header file found
2024-09-23 14:34:00,721 [WARN] ApiManager:304 - Cannot register API 'Data Exchange:lib_gnss' from pack STMicroelectronics.X-CUBE-GNSS1.6.0.0: no header file found
2024-09-23 14:34:00,729 [WARN] ApiManager:304 - Cannot register API 'Board Extension:GNSS1A1' from pack STMicroelectronics.X-CUBE-GNSS1.7.0.0: no header file found
2024-09-23 14:34:00,730 [WARN] ApiManager:304 - Cannot register API 'Board Support:Custom' from pack STMicroelectronics.X-CUBE-GNSS1.7.0.0: no header file found
2024-09-23 14:34:00,730 [WARN] ApiManager:304 - Cannot register API 'Data Exchange:lib_gnss' from pack STMicroelectronics.X-CUBE-GNSS1.7.0.0: no header file found
2024-09-23 14:34:00,734 [WARN] ApiManager:304 - Cannot register API 'Board Extension:NFC06A1' from pack STMicroelectronics.X-CUBE-NFC6.3.1.0: no header file found
2024-09-23 14:34:00,734 [WARN] ApiManager:304 - Cannot register API 'Board Extension:NFC08A1' from pack STMicroelectronics.X-CUBE-NFC6.3.1.0: no header file found
2024-09-23 14:34:00,841 [WARN] ApiManager:304 - Cannot register API 'Board Extension:IKS01A3' from pack STMicroelectronics.X-CUBE-MEMS1.11.0.0: no header file found
2024-09-23 14:34:00,841 [WARN] ApiManager:304 - Cannot register API 'Board Extension:IKS02A1' from pack STMicroelectronics.X-CUBE-MEMS1.11.0.0: no header file found
2024-09-23 14:34:00,841 [WARN] ApiManager:304 - Cannot register API 'Board Extension:IKS4A1' from pack STMicroelectronics.X-CUBE-MEMS1.11.0.0: no header file found
2024-09-23 14:34:00,841 [INFO] RtosManager:484 - Registered RTOS mode: class=CMSIS, group=RTOS, mode=CMSIS_V1, owner=FREERTOS
2024-09-23 14:34:00,841 [INFO] RtosManager:484 - Registered RTOS mode: class=CMSIS, group=RTOS2, mode=CMSIS_V2, owner=FREERTOS
2024-09-23 14:34:00,841 [INFO] RtosManager:484 - Registered RTOS mode: class=RTOS, group=Core, mode=CMSIS_V1, owner=FREERTOS
2024-09-23 14:34:00,841 [INFO] RtosManager:484 - Registered RTOS mode: class=RTOS, group=Core, mode=CMSIS_V2, owner=FREERTOS
2024-09-23 14:34:00,841 [WARN] ModelIntegratedComponent:181 - Missing modes for component STMicroelectronics:FreeRTOS:0.0.1:STMicroelectronics:RTOS:FreeRTOS:Core:::10.2.0:
2024-09-23 14:34:00,849 [WARN] ApiManager:304 - Cannot register API 'Board Extension:STSAFEA1' from pack STMicroelectronics.X-CUBE-SAFEA1.1.2.2: no header file found
2024-09-23 14:34:00,849 [WARN] ApiManager:304 - Cannot register API 'Board Part:STSAFEA110' from pack STMicroelectronics.X-CUBE-SAFEA1.1.2.2: no header file found
2024-09-23 14:34:00,849 [WARN] ApiManager:304 - Cannot register API 'Security:ST_Cryptolib' from pack STMicroelectronics.X-CUBE-SAFEA1.1.2.2: no header file found
2024-09-23 14:34:00,849 [WARN] ApiManager:304 - Cannot register API 'Security:MbedTLS' from pack STMicroelectronics.X-CUBE-SAFEA1.1.2.2: no header file found
2024-09-23 14:34:00,850 [WARN] ApiManager:304 - Cannot register API 'Board Extension:NFC04A1' from pack STMicroelectronics.X-CUBE-NFC4.3.0.0: no header file found
2024-09-23 14:34:00,851 [WARN] ApiManager:304 - Cannot register API 'Board Extension:S2868A1' from pack STMicroelectronics.X-CUBE-SUBG2.5.0.0: no header file found
2024-09-23 14:34:00,851 [WARN] ApiManager:304 - Cannot register API 'Board Extension:S2868A2' from pack STMicroelectronics.X-CUBE-SUBG2.5.0.0: no header file found
2024-09-23 14:34:00,851 [WARN] ApiManager:304 - Cannot register API 'Board Extension:S2915A1' from pack STMicroelectronics.X-CUBE-SUBG2.5.0.0: no header file found
2024-09-23 14:34:00,851 [WARN] ApiManager:304 - Cannot register API 'Wireless:BlueNRG-MS' from pack STMicroelectronics.X-CUBE-BLE1.7.0.0: no header file found
2024-09-23 14:34:00,851 [WARN] ApiManager:304 - Cannot register API 'Board Extension:EEPRMA2' from pack STMicroelectronics.X-CUBE-EEPRMA1.5.1.0: no header file found
2024-09-23 14:34:00,851 [WARN] ApiManager:304 - Cannot register API 'Board Extension:PGEEZ1' from pack STMicroelectronics.X-CUBE-EEPRMA1.5.1.0: no header file found
2024-09-23 14:34:00,851 [WARN] ApiManager:304 - Cannot register API 'Board Extension:EEICA1' from pack STMicroelectronics.X-CUBE-EEPRMA1.5.1.0: no header file found
2024-09-23 14:34:00,851 [WARN] ApiManager:304 - Cannot register API 'Board Part:M24' from pack STMicroelectronics.X-CUBE-EEPRMA1.5.1.0: no header file found
2024-09-23 14:34:00,851 [WARN] ApiManager:304 - Cannot register API 'Board Part:M95' from pack STMicroelectronics.X-CUBE-EEPRMA1.5.1.0: no header file found
2024-09-23 14:34:00,851 [WARN] ApiManager:304 - Cannot register API 'Board Part:M95P32' from pack STMicroelectronics.X-CUBE-EEPRMA1.5.1.0: no header file found
2024-09-23 14:34:00,851 [WARN] ApiManager:304 - Cannot register API 'Board Part:M24256E-F' from pack STMicroelectronics.X-CUBE-EEPRMA1.5.1.0: no header file found
2024-09-23 14:34:00,851 [WARN] ApiManager:304 - Cannot register API 'Board Part:M24M01E-F' from pack STMicroelectronics.X-CUBE-EEPRMA1.5.1.0: no header file found
2024-09-23 14:34:00,851 [WARN] ApiManager:304 - Cannot register API 'PGEEZ1:SPI' from pack STMicroelectronics.X-CUBE-EEPRMA1.5.1.0: no header file found
2024-09-23 14:34:00,851 [WARN] ApiManager:304 - Cannot register API 'PGEEZ1:QDSPI' from pack STMicroelectronics.X-CUBE-EEPRMA1.5.1.0: no header file found
2024-09-23 14:34:00,851 [WARN] ModelIntegratedComponent:60 - No mode defined for component null
2024-09-23 14:34:00,851 [WARN] ModelIntegratedComponent:60 - No mode defined for component null
2024-09-23 14:34:00,851 [WARN] ModelIntegratedComponent:60 - No mode defined for component null
2024-09-23 14:34:00,851 [WARN] ModelIntegratedComponent:60 - No mode defined for component null
2024-09-23 14:34:00,851 [WARN] ModelIntegratedComponent:60 - No mode defined for component null
2024-09-23 14:34:00,851 [WARN] ModelIntegratedComponent:60 - No mode defined for component null
2024-09-23 14:34:00,851 [WARN] ModelIntegratedComponent:60 - No mode defined for component null
2024-09-23 14:34:00,851 [WARN] ModelIntegratedComponent:60 - No mode defined for component null
2024-09-23 14:34:00,851 [WARN] ModelIntegratedComponent:60 - No mode defined for component null
2024-09-23 14:34:00,851 [WARN] ModelIntegratedComponent:60 - No mode defined for component null
2024-09-23 14:34:00,851 [WARN] ModelIntegratedComponent:60 - No mode defined for component null
2024-09-23 14:34:00,851 [WARN] ModelIntegratedComponent:60 - No mode defined for component null
2024-09-23 14:34:00,851 [WARN] ModelIntegratedComponent:60 - No mode defined for component null
2024-09-23 14:34:00,851 [WARN] ModelIntegratedComponent:60 - No mode defined for component null
2024-09-23 14:34:00,851 [WARN] ModelIntegratedComponent:60 - No mode defined for component null
2024-09-23 14:34:00,851 [WARN] ModelIntegratedComponent:60 - No mode defined for component null
2024-09-23 14:34:00,851 [WARN] ModelIntegratedComponent:60 - No mode defined for component null
2024-09-23 14:34:00,851 [WARN] ModelIntegratedComponent:60 - No mode defined for component null
2024-09-23 14:34:00,851 [WARN] ModelIntegratedComponent:60 - No mode defined for component null
2024-09-23 14:34:00,851 [WARN] ModelIntegratedComponent:60 - No mode defined for component null
2024-09-23 14:34:00,851 [WARN] ModelIntegratedComponent:60 - No mode defined for component null
2024-09-23 14:34:00,851 [WARN] ModelIntegratedComponent:60 - No mode defined for component null
2024-09-23 14:34:00,851 [WARN] ModelIntegratedComponent:60 - No mode defined for component null
2024-09-23 14:34:00,851 [WARN] ModelIntegratedComponent:60 - No mode defined for component null
2024-09-23 14:34:00,851 [WARN] ModelIntegratedComponent:60 - No mode defined for component null
2024-09-23 14:34:00,851 [WARN] ModelIntegratedComponent:60 - No mode defined for component null
2024-09-23 14:34:00,851 [WARN] ModelIntegratedComponent:60 - No mode defined for component null
2024-09-23 14:34:00,851 [WARN] ModelIntegratedComponent:60 - No mode defined for component null
2024-09-23 14:34:00,851 [WARN] ModelIntegratedComponent:60 - No mode defined for component null
2024-09-23 14:34:00,851 [WARN] ModelIntegratedComponent:60 - No mode defined for component null
2024-09-23 14:34:00,851 [WARN] ModelIntegratedComponent:60 - No mode defined for component null
2024-09-23 14:34:00,851 [WARN] ApiManager:304 - Cannot register API 'Board Extension:NFC07A1' from pack STMicroelectronics.X-CUBE-NFC7.1.0.1: no header file found
2024-09-23 14:34:00,861 [WARN] ApiManager:304 - Cannot register API 'Board Extension:S2868A1' from pack STMicroelectronics.X-CUBE-SFXS2LP1.4.0.0: no header file found
2024-09-23 14:34:00,861 [WARN] ApiManager:304 - Cannot register API 'Board Extension:S2868A2' from pack STMicroelectronics.X-CUBE-SFXS2LP1.4.0.0: no header file found
2024-09-23 14:34:00,861 [WARN] ApiManager:304 - Cannot register API 'Board Extension:S2915A1' from pack STMicroelectronics.X-CUBE-SFXS2LP1.4.0.0: no header file found
2024-09-23 14:34:00,861 [WARN] ApiManager:304 - Cannot register API 'Wireless:BlueNRG-2' from pack STMicroelectronics.X-CUBE-BLE2.3.3.0: no header file found
2024-09-23 14:34:01,940 [INFO] UtilMem:74 - End LoadConfig() Used Memory: 411178784 Bytes (482344960)
2024-09-23 14:34:01,940 [WARN] ThirdParty:779 - waiting for thirdparty lock release [change project]
2024-09-23 14:34:01,940 [INFO] ThirdParty:781 - entering critical section [change project]
2024-09-23 14:34:01,940 [INFO] ThirdParty:967 - CMSIS Pack Vendor :STMicroelectronics X-CUBE-AZRTOS-H7 3.3.0
2024-09-23 14:34:01,940 [INFO] ThirdParty:967 - CMSIS Pack Vendor :STMicroelectronics X-CUBE-GNSS1 6.0.0
2024-09-23 14:34:01,940 [INFO] ThirdParty:967 - CMSIS Pack Vendor :STMicroelectronics USB_HOST 2.0.0
2024-09-23 14:34:01,940 [INFO] ThirdParty:967 - CMSIS Pack Vendor :STMicroelectronics X-CUBE-AZRTOS-F4 1.1.0
2024-09-23 14:34:01,940 [INFO] ThirdParty:967 - CMSIS Pack Vendor :STMicroelectronics USB_DEVICE 3.0.0
2024-09-23 14:34:01,940 [INFO] ThirdParty:967 - CMSIS Pack Vendor :STMicroelectronics X-CUBE-ISPU 2.1.0
2024-09-23 14:34:01,940 [INFO] ThirdParty:967 - CMSIS Pack Vendor :STMicroelectronics X-CUBE-AZRTOS-WB 2.0.0
2024-09-23 14:34:01,940 [INFO] ThirdParty:967 - CMSIS Pack Vendor :STMicroelectronics X-CUBE-GNSS1 7.0.0
2024-09-23 14:34:01,940 [INFO] ThirdParty:967 - CMSIS Pack Vendor :STMicroelectronics X-CUBE-AZRTOS-F7 1.1.0
2024-09-23 14:34:01,940 [INFO] ThirdParty:967 - CMSIS Pack Vendor :STMicroelectronics X-CUBE-AZRTOS-L5 2.0.0
2024-09-23 14:34:01,940 [INFO] ThirdParty:967 - CMSIS Pack Vendor :STMicroelectronics USB_DEVICE 2.0.0
2024-09-23 14:34:01,940 [INFO] ThirdParty:967 - CMSIS Pack Vendor :STMicroelectronics X-CUBE-NFC6 3.1.0
2024-09-23 14:34:01,940 [INFO] ThirdParty:967 - CMSIS Pack Vendor :STMicroelectronics X-CUBE-MEMS1 11.0.0
2024-09-23 14:34:01,940 [INFO] ThirdParty:967 - CMSIS Pack Vendor :STMicroelectronics FreeRTOS 0.0.1
2024-09-23 14:34:01,940 [INFO] ThirdParty:967 - CMSIS Pack Vendor :STMicroelectronics X-CUBE-AZRTOS-G0 1.1.0
2024-09-23 14:34:01,940 [INFO] ThirdParty:967 - CMSIS Pack Vendor :STMicroelectronics X-CUBE-SAFEA1 1.2.2
2024-09-23 14:34:01,940 [INFO] ThirdParty:967 - CMSIS Pack Vendor :STMicroelectronics X-CUBE-NFC4 3.0.0
2024-09-23 14:34:01,940 [INFO] ThirdParty:967 - CMSIS Pack Vendor :STMicroelectronics X-CUBE-SUBG2 5.0.0
2024-09-23 14:34:01,940 [INFO] ThirdParty:967 - CMSIS Pack Vendor :STMicroelectronics lwIP 2.0.3
2024-09-23 14:34:01,940 [INFO] ThirdParty:967 - CMSIS Pack Vendor :STMicroelectronics USB_HOST 1.0.0
2024-09-23 14:34:01,940 [INFO] ThirdParty:967 - CMSIS Pack Vendor :STMicroelectronics X-CUBE-AI 9.0.0
2024-09-23 14:34:01,940 [INFO] ThirdParty:967 - CMSIS Pack Vendor :STMicroelectronics X-CUBE-AZRTOS-G4 2.0.0
2024-09-23 14:34:01,940 [INFO] ThirdParty:967 - CMSIS Pack Vendor :STMicroelectronics PDM2PCM 3.1.0
2024-09-23 14:34:01,940 [INFO] ThirdParty:967 - CMSIS Pack Vendor :STMicroelectronics PDM2PCM 3.3.0
2024-09-23 14:34:01,940 [INFO] ThirdParty:967 - CMSIS Pack Vendor :STMicroelectronics X-CUBE-BLE1 7.0.0
2024-09-23 14:34:01,940 [INFO] ThirdParty:967 - CMSIS Pack Vendor :STMicroelectronics FP-ATR-SIGFOX1 3.2.0
2024-09-23 14:34:01,940 [INFO] ThirdParty:967 - CMSIS Pack Vendor :wolfSSL I-CUBE-wolfSSL 5.7.2
2024-09-23 14:34:01,940 [INFO] ThirdParty:967 - CMSIS Pack Vendor :STMicroelectronics X-CUBE-ISPU 2.0.0
2024-09-23 14:34:01,940 [INFO] ThirdParty:967 - CMSIS Pack Vendor :STMicroelectronics X-CUBE-EEPRMA1 5.1.0
2024-09-23 14:34:01,940 [INFO] ThirdParty:967 - CMSIS Pack Vendor :STMicroelectronics HAL Drivers 0.0.0
2024-09-23 14:34:01,940 [INFO] ThirdParty:967 - CMSIS Pack Vendor :STMicroelectronics MBEDTLS 2.16.2
2024-09-23 14:34:01,940 [INFO] ThirdParty:967 - CMSIS Pack Vendor :STMicroelectronics X-CUBE-NFC7 1.0.1
2024-09-23 14:34:01,940 [INFO] ThirdParty:967 - CMSIS Pack Vendor :STMicroelectronics MBEDTLS 2.14.1
2024-09-23 14:34:01,940 [INFO] ThirdParty:967 - CMSIS Pack Vendor :STMicroelectronics X-CUBE-TOUCHGFX 4.24.0
2024-09-23 14:34:01,940 [INFO] ThirdParty:967 - CMSIS Pack Vendor :STMicroelectronics X-CUBE-TOUCHGFX 4.24.1
2024-09-23 14:34:01,940 [INFO] ThirdParty:967 - CMSIS Pack Vendor :wolfSSL I-CUBE-wolfTPM 3.4.0
2024-09-23 14:34:01,940 [INFO] ThirdParty:967 - CMSIS Pack Vendor :portGmbH I-Cube-SoM-uGOAL 1.1.0
2024-09-23 14:34:01,940 [INFO] ThirdParty:967 - CMSIS Pack Vendor :STMicroelectronics X-CUBE-AZRTOS-WL 2.0.0
2024-09-23 14:34:01,940 [INFO] ThirdParty:967 - CMSIS Pack Vendor :SEGGER I-CUBE-embOS 1.3.1
2024-09-23 14:34:01,940 [INFO] ThirdParty:967 - CMSIS Pack Vendor :STMicroelectronics X-CUBE-ALGOBUILD 1.4.0
2024-09-23 14:34:01,940 [INFO] ThirdParty:967 - CMSIS Pack Vendor :STMicroelectronics USB_DEVICE 1.0.0
2024-09-23 14:34:01,940 [INFO] ThirdParty:967 - CMSIS Pack Vendor :STMicroelectronics X-CUBE-AZRTOS-H7RS 1.0.0
2024-09-23 14:34:01,940 [INFO] ThirdParty:967 - CMSIS Pack Vendor :wolfSSL I-CUBE-wolfMQTT 1.19.0
2024-09-23 14:34:01,940 [INFO] ThirdParty:967 - CMSIS Pack Vendor :STMicroelectronics X-CUBE-AZRTOS-L4 2.0.0
2024-09-23 14:34:01,940 [INFO] ThirdParty:967 - CMSIS Pack Vendor :STMicroelectronics ThreadX 0.0.2
2024-09-23 14:34:01,940 [INFO] ThirdParty:967 - CMSIS Pack Vendor :WES I-CUBE-Cesium 1.3.0
2024-09-23 14:34:01,940 [INFO] ThirdParty:967 - CMSIS Pack Vendor :STMicroelectronics FP-ATR-ASTRA1 2.0.0
2024-09-23 14:34:01,940 [INFO] ThirdParty:967 - CMSIS Pack Vendor :STMicroelectronics lwIP 2.1.2
2024-09-23 14:34:01,940 [INFO] ThirdParty:967 - CMSIS Pack Vendor :STMicroelectronics X-CUBE-SFXS2LP1 4.0.0
2024-09-23 14:34:01,940 [INFO] ThirdParty:967 - CMSIS Pack Vendor :STMicroelectronics X-CUBE-BLE2 3.3.0
2024-09-23 14:34:01,940 [INFO] ThirdParty:967 - CMSIS Pack Vendor :STMicroelectronics PDM2PCM 3.2.0
2024-09-23 14:34:01,940 [INFO] ThirdParty:967 - CMSIS Pack Vendor :wolfSSL I-CUBE-wolfSSH 1.4.17
2024-09-23 14:34:01,940 [INFO] ThirdParty:787 - exiting critical section [change project]
2024-09-23 14:34:02,074 [INFO] PinOutPanel:1463 - setPackage(No Configuration,No Configuration)
2024-09-23 14:34:02,074 [INFO] PinOutPanel:1463 - setPackage(STM32F103C6Ux,UFQFPN48)
2024-09-23 14:34:02,281 [INFO] UtilMem:74 - Before build in PCC Used Memory: 313260544 Bytes (482344960)
2024-09-23 14:34:02,582 [INFO] UtilMem:74 - After build in PCC Used Memory: 391903744 Bytes (482344960)
2024-09-23 14:34:02,599 [INFO] IPUIPlugin:74 - create IPUIPlugin
2024-09-23 14:34:02,599 [INFO] IPUIPlugin:74 - create IPUIPlugin
2024-09-23 14:34:02,599 [INFO] IPUIPlugin:74 - create IPUIPlugin
2024-09-23 14:34:02,599 [INFO] IPUIPlugin:74 - create IPUIPlugin
2024-09-23 14:34:02,599 [INFO] IPUIPlugin:74 - create IPUIPlugin
2024-09-23 14:34:02,599 [INFO] IPUIPlugin:74 - create IPUIPlugin
2024-09-23 14:34:02,599 [INFO] IPUIPlugin:74 - create IPUIPlugin
2024-09-23 14:34:02,599 [INFO] IPUIPlugin:74 - create IPUIPlugin
2024-09-23 14:34:02,599 [INFO] IPUIPlugin:74 - create IPUIPlugin
2024-09-23 14:34:02,599 [INFO] IPUIPlugin:74 - create IPUIPlugin
2024-09-23 14:34:02,599 [INFO] IPUIPlugin:74 - create IPUIPlugin
2024-09-23 14:34:02,599 [INFO] IPUIPlugin:74 - create IPUIPlugin
2024-09-23 14:34:02,599 [INFO] IPUIPlugin:74 - create IPUIPlugin
2024-09-23 14:34:02,599 [INFO] IPUIPlugin:74 - create IPUIPlugin
2024-09-23 14:34:02,599 [INFO] IPUIPlugin:74 - create IPUIPlugin
2024-09-23 14:34:02,599 [INFO] IPUIPlugin:74 - create IPUIPlugin
2024-09-23 14:34:02,599 [INFO] IPUIPlugin:74 - create IPUIPlugin
2024-09-23 14:34:02,599 [INFO] IPUIPlugin:74 - create IPUIPlugin
2024-09-23 14:34:02,599 [INFO] IPUIPlugin:74 - create IPUIPlugin
2024-09-23 14:34:02,599 [INFO] IPUIPlugin:74 - create IPUIPlugin
2024-09-23 14:34:02,599 [INFO] IPUIPlugin:74 - create IPUIPlugin
2024-09-23 14:34:02,599 [INFO] IPUIPlugin:74 - create IPUIPlugin
2024-09-23 14:34:02,599 [INFO] IPUIPlugin:74 - create IPUIPlugin
2024-09-23 14:34:02,671 [INFO] OpenFileManager:333 - Restore cursor
2024-09-23 14:34:02,840 [INFO] UtilMem:74 - End SaveConfig() Used Memory: 351661256 Bytes (482344960)
2024-09-23 14:34:02,864 [INFO] UtilMem:74 - End SaveConfig() Used Memory: 365840232 Bytes (482344960)
2024-09-23 14:34:03,049 [INFO] BlockDiagram:2740 - set Specific Code input for plugin: NVIC
2024-09-23 14:34:03,049 [INFO] BlockDiagram:2740 - set Specific Code input for plugin: SYS
2024-09-23 14:34:03,049 [INFO] BlockDiagram:2740 - set Specific Code input for plugin: RCC
2024-09-23 14:34:03,049 [INFO] CodeGenerator:663 - code generatio: config db path: D:\STM32CUBE\STM32cubeIDE\STM32CubeIDE\plugins\com.st.stm32cube.common.mx_6.3.0.202107141111\\db\
2024-09-23 14:34:03,236 [INFO] CodeEngine:239 - oldGeneratedFile, D:\VXL-VDK\LAB1\LED_animation\MXTmpFiles\license.tmp_save
2024-09-23 14:34:03,421 [INFO] CodeEngine:257 - Generated code: D:\VXL-VDK\LAB1\LED_animation\MXTmpFiles\license.tmp
2024-09-23 14:34:03,472 [INFO] CodeEngine:239 - oldGeneratedFile, D:\VXL-VDK\LAB1\LED_animation\Core\Src\stm32f1xx_it.c_save
2024-09-23 14:34:03,551 [INFO] CodeEngine:257 - Generated code: D:\VXL-VDK\LAB1\LED_animation\Core\Src\stm32f1xx_it.c
2024-09-23 14:34:03,559 [INFO] CodeEngine:239 - oldGeneratedFile, D:\VXL-VDK\LAB1\LED_animation\Core\Inc\stm32f1xx_it.h_save
2024-09-23 14:34:03,589 [INFO] CodeEngine:257 - Generated code: D:\VXL-VDK\LAB1\LED_animation\Core\Inc\stm32f1xx_it.h
2024-09-23 14:34:03,599 [INFO] CodeEngine:239 - oldGeneratedFile, D:\VXL-VDK\LAB1\LED_animation\Core\Src\stm32f1xx_hal_msp.c_save
2024-09-23 14:34:03,660 [INFO] CodeEngine:257 - Generated code: D:\VXL-VDK\LAB1\LED_animation\Core\Src\stm32f1xx_hal_msp.c
2024-09-23 14:34:03,660 [INFO] CodeEngine:239 - oldGeneratedFile, D:\VXL-VDK\LAB1\LED_animation\MXTmpFiles\system.tmp_save
2024-09-23 14:34:03,704 [INFO] CodeEngine:257 - Generated code: D:\VXL-VDK\LAB1\LED_animation\MXTmpFiles\system.tmp
2024-09-23 14:34:03,711 [INFO] CodeEngine:239 - oldGeneratedFile, D:\VXL-VDK\LAB1\LED_animation\Core\Inc\stm32f1xx_hal_conf.h_save
2024-09-23 14:34:03,770 [INFO] CodeEngine:257 - Generated code: D:\VXL-VDK\LAB1\LED_animation\Core\Inc\stm32f1xx_hal_conf.h
2024-09-23 14:34:03,790 [INFO] CodeEngine:239 - oldGeneratedFile, D:\VXL-VDK\LAB1\LED_animation\Core\Inc\main.h_save
2024-09-23 14:34:03,840 [INFO] CodeEngine:257 - Generated code: D:\VXL-VDK\LAB1\LED_animation\Core\Inc\main.h
2024-09-23 14:34:03,849 [INFO] CodeEngine:239 - oldGeneratedFile, D:\VXL-VDK\LAB1\LED_animation\Core\Src\main.c_save
2024-09-23 14:34:03,911 [INFO] CodeEngine:257 - Generated code: D:\VXL-VDK\LAB1\LED_animation\Core\Src\main.c
2024-09-23 14:34:04,449 [INFO] ProjectBuilder:2578 - Time for Copy HAL[1] : 40mS.
2024-09-23 14:34:04,454 [INFO] ProjectBuilder:3622 - Project Generator version: 3.14.1
2024-09-23 14:34:04,801 [INFO] ConfigFileManager:1271 - The Die is : DIE412
2024-09-23 14:34:04,810 [INFO] ApiDbMcu:468 - Load IP Config File for FATFS
2024-09-23 14:34:04,837 [INFO] ApiDbMcu:468 - Load IP Config File for FREERTOS
2024-09-23 14:34:04,849 [INFO] ApiDbMcu:468 - Load IP Config File for USB_DEVICE
2024-09-23 14:34:06,808 [INFO] ProjectBuilder:3789 - Time for Generating toolchain IDE Files: 2354mS.
2024-09-23 14:34:06,808 [INFO] ProjectBuilder:2457 - Time for Copy CMSIS : 0mS.
2024-09-23 14:34:06,809 [INFO] ProjectBuilder:2457 - Time for Copy CMSIS : 0mS.
2024-09-23 14:34:08,374 [INFO] McuFinderGlobals:52 - Set McuFinderConnectedMode to true
2024-09-23 14:34:08,374 [INFO] ApiDb:276 - Save user favorites file C:\Users\nguye/.stm32cubeide/favorites.mcus.txt: 0 item(s)
2024-09-23 14:34:08,374 [INFO] ApiDb:280 - User favorites MCUs=[]
